<?xml version="1.0" encoding="UTF-8"?>
<testsuite xmlns:xsi="http://www.w3.org/2001/XMLSchema-instance" xsi:noNamespaceSchemaLocation="https://maven.apache.org/surefire/maven-surefire-plugin/xsd/surefire-test-report-3.0.xsd" version="3.0" name="com.prevalentware.prueba_tecnica.PruebaTecnicaApplicationTests" time="8.865" tests="1" errors="0" skipped="0" failures="0">
  <properties>
[...]
</properties>
  <testcase name="contextLoads" classname="com.prevalentware.prueba_tecnica.PruebaTecnicaApplicationTests" time="0.516">
    <system-out><![CDATA[19:42:24.495 [main] INFO org.springframework.test.context.support.AnnotationConfigContextLoaderUtils -- Could not detect default configuration classes for test class [com.prevalentware.prueba_tecnica.PruebaTecnicaApplicationTests]: PruebaTecnicaApplicationTests does not declare any static, non-private, non-final, nested classes annotated with @Configuration.
19:42:24.616 [main] INFO org.springframework.boot.test.context.SpringBootTestContextBootstrapper -- Found @SpringBootConfiguration com.prevalentware.prueba_tecnica.PruebaTecnicaApplication for test class com.prevalentware.prueba_tecnica.PruebaTecnicaApplicationTests
19:42:24.813 [main] INFO org.springframework.boot.devtools.restart.RestartApplicationListener -- Restart disabled due to context in which it is running

  .   ____          _            __ _ _
 /\\ / ___'_ __ _ _(_)_ __  __ _ \ \ \ \
( ( )\___ | '_ | '_| | '_ \/ _` | \ \ \ \
 \\/  ___)| |_)| | | | | || (_| |  ) ) ) )
  '  |____| .__|_| |_|_| |_\__, | / / / /
 =========|_|==============|___/=/_/_/_/
 :: Spring Boot ::                (v3.1.6)

2023-12-03T19:42:25.073-05:00  INFO 2388 --- [           main] c.p.p.PruebaTecnicaApplicationTests      : Starting PruebaTecnicaApplicationTests using Java 17.0.9 with PID 2388 (started by user in D:\Workspace\prueba_tecnica\prueba_tecnica)
2023-12-03T19:42:25.076-05:00  INFO 2388 --- [           main] c.p.p.PruebaTecnicaApplicationTests      : No active profile set, falling back to 1 default profile: "default"
2023-12-03T19:42:25.871-05:00  INFO 2388 --- [           main] .s.d.r.c.RepositoryConfigurationDelegate : Bootstrapping Spring Data JPA repositories in DEFAULT mode.
2023-12-03T19:42:25.974-05:00  INFO 2388 --- [           main] .s.d.r.c.RepositoryConfigurationDelegate : Finished Spring Data repository scanning in 89 ms. Found 4 JPA repository interfaces.
2023-12-03T19:42:26.457-05:00  INFO 2388 --- [           main] o.hibernate.jpa.internal.util.LogHelper  : HHH000204: Processing PersistenceUnitInfo [name: default]
2023-12-03T19:42:26.518-05:00  INFO 2388 --- [           main] org.hibernate.Version                    : HHH000412: Hibernate ORM core version 6.2.13.Final
2023-12-03T19:42:26.521-05:00  INFO 2388 --- [           main] org.hibernate.cfg.Environment            : HHH000406: Using bytecode reflection optimizer
2023-12-03T19:42:26.868-05:00  INFO 2388 --- [           main] o.s.o.j.p.SpringPersistenceUnitInfo      : No LoadTimeWeaver setup: ignoring JPA class transformer
2023-12-03T19:42:26.894-05:00  INFO 2388 --- [           main] com.zaxxer.hikari.HikariDataSource       : HikariPool-1 - Starting...
2023-12-03T19:42:28.208-05:00  INFO 2388 --- [           main] com.zaxxer.hikari.pool.HikariPool        : HikariPool-1 - Added connection org.postgresql.jdbc.PgConnection@6b6def36
2023-12-03T19:42:28.210-05:00  INFO 2388 --- [           main] com.zaxxer.hikari.HikariDataSource       : HikariPool-1 - Start completed.
2023-12-03T19:42:28.323-05:00  WARN 2388 --- [           main] org.hibernate.orm.deprecation            : HHH90000025: PostgreSQLDialect does not need to be specified explicitly using 'hibernate.dialect' (remove the property setting and it will be selected by default)
2023-12-03T19:42:29.517-05:00  INFO 2388 --- [           main] o.h.e.t.j.p.i.JtaPlatformInitiator       : HHH000489: No JTA platform available (set 'hibernate.transaction.jta.platform' to enable JTA platform integration)
2023-12-03T19:42:31.402-05:00  INFO 2388 --- [           main] j.LocalContainerEntityManagerFactoryBean : Initialized JPA EntityManagerFactory for persistence unit 'default'
2023-12-03T19:42:31.662-05:00  INFO 2388 --- [           main] o.s.d.j.r.query.QueryEnhancerFactory     : Hibernate is in classpath; If applicable, HQL parser will be used.
2023-12-03T19:42:32.307-05:00  WARN 2388 --- [           main] JpaBaseConfiguration$JpaWebConfiguration : spring.jpa.open-in-view is enabled by default. Therefore, database queries may be performed during view rendering. Explicitly configure spring.jpa.open-in-view to disable this warning
2023-12-03T19:42:32.669-05:00  INFO 2388 --- [           main] c.p.p.PruebaTecnicaApplicationTests      : Started PruebaTecnicaApplicationTests in 7.869 seconds (process running for 8.909)
]]></system-out>
  </testcase>
</testsuite>